# JRE version: Java(TM) SE Runtime Environment (22.0.2+9) (build 22.0.2+9-70)
# Java VM: Java HotSpot(TM) 64-Bit Server VM (22.0.2+9-70, mixed mode, sharing, tiered, compressed oops, compressed class ptrs, g1 gc, windows-amd64)
GC Precious Log:
 CardTable entry size: 512
 Card Set container configuration: InlinePtr #cards 4 size 8 Array Of Cards #cards 16 size 48 Howl #buckets 8 coarsen threshold 3686 Howl Bitmap #cards 512 size 80 coarsen threshold 460 Card regions per heap region 1 cards per card region 4096
 CPUs: 12 total, 12 available
 Memory: 16106M
 Large Page Support: Disabled
 NUMA Support: Disabled
 Compressed Oops: Enabled (Zero based)
 Heap Region Size: 2M
 Heap Min Capacity: 8M
 Heap Initial Capacity: 252M
 Heap Max Capacity: 4028M
 Pre-touch: Disabled
 Parallel Workers: 10
 Concurrent Workers: 3
 Concurrent Refinement Workers: 10
 Periodic GC: Disabled
Heap:
 garbage-first heap   total reserved 4124672K, committed 118784K, used 55702K [0x0000000704400000, 0x0000000800000000)
  region size 2048K, 15 young (30720K), 4 survivors (8192K)
 Metaspace       used 45751K, committed 46336K, reserved 1114112K
  class space    used 5440K, committed 5696K, reserved 1048576K
GC Heap History (20 events):
Event: 4.359 GC heap before
{Heap before GC invocations=8 (full 0):
 garbage-first heap   total reserved 4124672K, committed 77824K, used 57661K [0x0000000704400000, 0x0000000800000000)
  region size 2048K, 22 young (45056K), 3 survivors (6144K)
 Metaspace       used 27583K, committed 27968K, reserved 1114112K
  class space    used 3291K, committed 3456K, reserved 1048576K
}
Event: 4.364 GC heap after
{Heap after GC invocations=9 (full 0):
 garbage-first heap   total reserved 4124672K, committed 96256K, used 21821K [0x0000000704400000, 0x0000000800000000)
  region size 2048K, 2 young (4096K), 2 survivors (4096K)
 Metaspace       used 27583K, committed 27968K, reserved 1114112K
  class space    used 3291K, committed 3456K, reserved 1048576K
}
Event: 4.494 GC heap before
{Heap before GC invocations=9 (full 0):
 garbage-first heap   total reserved 4124672K, committed 96256K, used 73021K [0x0000000704400000, 0x0000000800000000)
  region size 2048K, 28 young (57344K), 2 survivors (4096K)
 Metaspace       used 29657K, committed 30080K, reserved 1114112K
  class space    used 3466K, committed 3648K, reserved 1048576K
}
Event: 4.497 GC heap after
{Heap after GC invocations=10 (full 0):
 garbage-first heap   total reserved 4124672K, committed 96256K, used 22377K [0x0000000704400000, 0x0000000800000000)
  region size 2048K, 2 young (4096K), 2 survivors (4096K)
 Metaspace       used 29657K, committed 30080K, reserved 1114112K
  class space    used 3466K, committed 3648K, reserved 1048576K
}
Event: 4.653 GC heap before
{Heap before GC invocations=10 (full 0):
 garbage-first heap   total reserved 4124672K, committed 96256K, used 73577K [0x0000000704400000, 0x0000000800000000)
  region size 2048K, 28 young (57344K), 2 survivors (4096K)
 Metaspace       used 31736K, committed 32192K, reserved 1114112K
  class space    used 3668K, committed 3840K, reserved 1048576K
}
Event: 4.656 GC heap after
{Heap after GC invocations=11 (full 0):
 garbage-first heap   total reserved 4124672K, committed 96256K, used 23386K [0x0000000704400000, 0x0000000800000000)
  region size 2048K, 3 young (6144K), 3 survivors (6144K)
 Metaspace       used 31736K, committed 32192K, reserved 1114112K
  class space    used 3668K, committed 3840K, reserved 1048576K
}
Event: 4.812 GC heap before
{Heap before GC invocations=11 (full 0):
 garbage-first heap   total reserved 4124672K, committed 96256K, used 74586K [0x0000000704400000, 0x0000000800000000)
  region size 2048K, 28 young (57344K), 3 survivors (6144K)
 Metaspace       used 33564K, committed 33984K, reserved 1114112K
  class space    used 3882K, committed 4032K, reserved 1048576K
}
Event: 4.816 GC heap after
{Heap after GC invocations=12 (full 0):
 garbage-first heap   total reserved 4124672K, committed 96256K, used 23900K [0x0000000704400000, 0x0000000800000000)
  region size 2048K, 3 young (6144K), 3 survivors (6144K)
 Metaspace       used 33564K, committed 33984K, reserved 1114112K
  class space    used 3882K, committed 4032K, reserved 1048576K
}
Event: 5.418 GC heap before
{Heap before GC invocations=12 (full 0):
 garbage-first heap   total reserved 4124672K, committed 96256K, used 66908K [0x0000000704400000, 0x0000000800000000)
  region size 2048K, 25 young (51200K), 3 survivors (6144K)
 Metaspace       used 35619K, committed 35968K, reserved 1114112K
  class space    used 4134K, committed 4288K, reserved 1048576K
}
Event: 5.430 GC heap after
{Heap after GC invocations=13 (full 0):
 garbage-first heap   total reserved 4124672K, committed 116736K, used 25640K [0x0000000704400000, 0x0000000800000000)
  region size 2048K, 3 young (6144K), 3 survivors (6144K)
 Metaspace       used 35619K, committed 35968K, reserved 1114112K
  class space    used 4134K, committed 4288K, reserved 1048576K
}
Event: 6.872 GC heap before
{Heap before GC invocations=14 (full 0):
 garbage-first heap   total reserved 4124672K, committed 90112K, used 89128K [0x0000000704400000, 0x0000000800000000)
  region size 2048K, 34 young (69632K), 3 survivors (6144K)
 Metaspace       used 38257K, committed 38656K, reserved 1114112K
  class space    used 4437K, committed 4608K, reserved 1048576K
}
Event: 6.893 GC heap after
{Heap after GC invocations=15 (full 0):
 garbage-first heap   total reserved 4124672K, committed 98304K, used 27804K [0x0000000704400000, 0x0000000800000000)
  region size 2048K, 4 young (8192K), 4 survivors (8192K)
 Metaspace       used 38257K, committed 38656K, reserved 1114112K
  class space    used 4437K, committed 4608K, reserved 1048576K
}
Event: 7.795 GC heap before
{Heap before GC invocations=15 (full 0):
 garbage-first heap   total reserved 4124672K, committed 98304K, used 76956K [0x0000000704400000, 0x0000000800000000)
  region size 2048K, 28 young (57344K), 4 survivors (8192K)
 Metaspace       used 40587K, committed 41024K, reserved 1114112K
  class space    used 4832K, committed 4992K, reserved 1048576K
}
Event: 7.808 GC heap after
{Heap after GC invocations=16 (full 0):
 garbage-first heap   total reserved 4124672K, committed 98304K, used 27424K [0x0000000704400000, 0x0000000800000000)
  region size 2048K, 3 young (6144K), 3 survivors (6144K)
 Metaspace       used 40587K, committed 41024K, reserved 1114112K
  class space    used 4832K, committed 4992K, reserved 1048576K
}
Event: 8.676 GC heap before
{Heap before GC invocations=16 (full 0):
 garbage-first heap   total reserved 4124672K, committed 98304K, used 78624K [0x0000000704400000, 0x0000000800000000)
  region size 2048K, 28 young (57344K), 3 survivors (6144K)
 Metaspace       used 42911K, committed 43456K, reserved 1114112K
  class space    used 5108K, committed 5312K, reserved 1048576K
}
Event: 8.691 GC heap after
{Heap after GC invocations=17 (full 0):
 garbage-first heap   total reserved 4124672K, committed 98304K, used 29139K [0x0000000704400000, 0x0000000800000000)
  region size 2048K, 3 young (6144K), 3 survivors (6144K)
 Metaspace       used 42911K, committed 43456K, reserved 1114112K
  class space    used 5108K, committed 5312K, reserved 1048576K
}
Event: 9.757 GC heap before
{Heap before GC invocations=17 (full 0):
 garbage-first heap   total reserved 4124672K, committed 98304K, used 80339K [0x0000000704400000, 0x0000000800000000)
  region size 2048K, 28 young (57344K), 3 survivors (6144K)
 Metaspace       used 45125K, committed 45632K, reserved 1114112K
  class space    used 5413K, committed 5632K, reserved 1048576K
}
Event: 9.776 GC heap after
{Heap after GC invocations=18 (full 0):
 garbage-first heap   total reserved 4124672K, committed 98304K, used 31631K [0x0000000704400000, 0x0000000800000000)
  region size 2048K, 3 young (6144K), 3 survivors (6144K)
 Metaspace       used 45125K, committed 45632K, reserved 1114112K
  class space    used 5413K, committed 5632K, reserved 1048576K
}
Event: 10.640 GC heap before
{Heap before GC invocations=18 (full 0):
 garbage-first heap   total reserved 4124672K, committed 98304K, used 82831K [0x0000000704400000, 0x0000000800000000)
  region size 2048K, 28 young (57344K), 3 survivors (6144K)
 Metaspace       used 45693K, committed 46272K, reserved 1114112K
  class space    used 5440K, committed 5696K, reserved 1048576K
}
Event: 10.658 GC heap after
{Heap after GC invocations=19 (full 0):
 garbage-first heap   total reserved 4124672K, committed 118784K, used 35222K [0x0000000704400000, 0x0000000800000000)
  region size 2048K, 4 young (8192K), 4 survivors (8192K)
 Metaspace       used 45693K, committed 46272K, reserved 1114112K
  class space    used 5440K, committed 5696K, reserved 1048576K
}

